Added with normal priority. (with ability ABILITY_SLOW_HIGH and trigger Effect)
Waiting to queue. (with ability ABILITY_SLOW_HIGH and trigger Effect)
Ability is next in queue. (with ability ABILITY_SLOW_HIGH and trigger Effect)
Still executing. setting animator and needPause. (with ability ABILITY_SLOW_HIGH and trigger Effect)
Starting ability animation. (with ability ABILITY_SLOW_HIGH and trigger Effect)
Performing ability. (with ability ABILITY_SLOW_HIGH and trigger Effect)
Ending process. Nullifying variables and removing ability from queue. (with ability ABILITY_SLOW_HIGH and trigger Effect)
Ability removed from queue. (with ability ABILITY_SLOW_HIGH and trigger Effect)
Checking if there is need to resume the last animator. (with ability ABILITY_SLOW_HIGH and trigger Effect)
Finished ability execution. (with ability ABILITY_SLOW_HIGH and trigger Effect)
Added with normal priority. (with ability ABILITY_HEAL_LOW and trigger Effect)
Waiting to queue. (with ability ABILITY_HEAL_LOW and trigger Effect)
Ability is next in queue. (with ability ABILITY_HEAL_LOW and trigger Effect)
Still executing. setting animator and needPause. (with ability ABILITY_HEAL_LOW and trigger Effect)
Starting ability animation. (with ability ABILITY_HEAL_LOW and trigger Effect)
Performing ability. (with ability ABILITY_HEAL_LOW and trigger Effect)
Ending process. Nullifying variables and removing ability from queue. (with ability ABILITY_HEAL_LOW and trigger Effect)
Ability removed from queue. (with ability ABILITY_HEAL_LOW and trigger Effect)
Checking if there is need to resume the last animator. (with ability ABILITY_HEAL_LOW and trigger Effect)
Finished ability execution. (with ability ABILITY_HEAL_LOW and trigger Effect)
Added with normal priority. (with ability Player_002_Ultimate and trigger Attack)
Waiting to queue. (with ability Player_002_Ultimate and trigger Attack)
Ability is next in queue. (with ability Player_002_Ultimate and trigger Attack)
Still executing. setting animator and needPause. (with ability Player_002_Ultimate and trigger Attack)
Starting ability animation. (with ability Player_002_Ultimate and trigger Attack)
Performing ability. (with ability Player_002_Ultimate and trigger Attack)
Ending process. Nullifying variables and removing ability from queue. (with ability Player_002_Ultimate and trigger Attack)
Finished ability execution. (with ability Player_002_Ultimate and trigger Attack)
