SEED: 299050
///// MINIMAL PATH /////
0, 1, 2, 5, 8, 
///// CONNECTIONS /////
Room with index 0 connects with 2 rooms: 1 3 
Room with index 1 connects with 3 rooms: 0 2 4 
Room with index 2 connects with 2 rooms: 1 5 
Room with index 3 connects with 1 rooms: 0 
Room with index 4 connects with 3 rooms: 1 5 7 
Room with index 5 connects with 3 rooms: 2 8 4 
Room with index 6 connects with 1 rooms: 7 
Room with index 7 connects with 2 rooms: 6 4 
Room with index 8 connects with 1 rooms: 5 
///// MOVEMENT TEST /////
Rooms with movement test are: 3, 
///// INTERACTABLES /////
Room with index 0 have 0 interactables: 
Room with index 1 have 1 interactables: Fountain 
Room with index 2 have 1 interactables: BloodReward 
Room with index 3 have 1 interactables: EquipmentReward 
Room with index 4 have 1 interactables: BloodReward 
Room with index 5 have 1 interactables: Pilgrim 
Room with index 6 have 1 interactables: Fountain 
Room with index 7 have 1 interactables: BloodReward 
Room with index 8 have 1 interactables: BloodReward 
///// ENEMIES /////
Room with index 0 have 2 enemies: Minion Enemy 
Room with index 1 have 2 enemies: Enemy Enemy 
Room with index 2 have 2 enemies: Miniboss Enemy 
Room with index 3 have 2 enemies: Minion Enemy 
Room with index 4 have 1 enemies: Enemy 
Room with index 5 have 2 enemies: Enemy Enemy 
Room with index 6 have 2 enemies: Minion Enemy 
Room with index 7 have 2 enemies: Minion Enemy 
Room with index 8 have 1 enemies: Enemy 
